<?xml version="1.0" encoding="UTF-8"?>
<!-- Generated by org.testng.reporters.JUnitReportReporter -->
<testsuite skipped="0" hostname="U6072903-TPL-A" name="org.sspart.testNGPractice.SecondSelenium" tests="2" failures="0" timestamp="29 Jul 2019 18:56:08 GMT" time="0.043" errors="0">
  <testcase name="testcase02" time="0.012" classname="org.sspart.testNGPractice.SecondSelenium"/>
  <testcase name="testcase01" time="0.031" classname="org.sspart.testNGPractice.SecondSelenium"/>
</testsuite> <!-- org.sspart.testNGPractice.SecondSelenium -->
