<?xml version="1.0" encoding="UTF-8"?>
<!-- Generated by org.testng.reporters.JUnitReportReporter -->
<testsuite skipped="0" hostname="U6072903-TPL-A" name="org.sspart.testNGPractice.FirstSelenium" tests="3" failures="0" timestamp="31 Jul 2019 19:30:21 GMT" time="56.045" errors="0">
  <testcase name="tc02" time="9.519" classname="org.sspart.testNGPractice.FirstSelenium"/>
  <testcase name="tc02" time="16.181" classname="org.sspart.testNGPractice.FirstSelenium"/>
  <testcase name="tc02" time="30.345" classname="org.sspart.testNGPractice.FirstSelenium"/>
</testsuite> <!-- org.sspart.testNGPractice.FirstSelenium -->
